[2016.01.04-22.48.32:032][  0]Log file open, 01/04/16 14:48:32
[2016.01.04-22.48.32:032][  0]LogInit:Display: Running engine for game: AoS
[2016.01.04-22.48.32:032][  0]LogPlatformFile: Not using cached read wrapper
[2016.01.04-22.48.32:032][  0]LogInit:Display: RandInit(-1607126301) SRandInit(-1607126299).
[2016.01.04-22.48.32:032][  0]LogTaskGraph: Started task graph with 4 named threads and 7 total threads.
[2016.01.04-22.48.32:032][  0]LogStats: Stats thread started at 0.080472
[2016.01.04-22.48.32:032][  0]LogInit: Version: 4.10.1-2791327+++depot+UE4-Releases+4.10
[2016.01.04-22.48.32:032][  0]LogInit: API Version: 2758231
[2016.01.04-22.48.32:032][  0]LogInit: Compiled (64-bit): Dec  4 2015 19:44:40
[2016.01.04-22.48.32:032][  0]LogInit: Compiled with Visual C++: 19.00.23026.00
[2016.01.04-22.48.32:032][  0]LogInit: Build Configuration: Development
[2016.01.04-22.48.32:032][  0]LogInit: Branch Name: ++depot+UE4-Releases+4.10
[2016.01.04-22.48.32:032][  0]LogInit: Command line:  
[2016.01.04-22.48.32:032][  0]LogInit: Base directory: C:/Program Files (x86)/Epic Games/4.10/Engine/Binaries/Win64/
[2016.01.04-22.48.32:033][  0]LogInit: Rocket: 1
[2016.01.04-22.48.32:039][  0]LogInit: Using libcurl 7.41.0
[2016.01.04-22.48.32:039][  0]LogInit:  - built for x86_64-pc-win32
[2016.01.04-22.48.32:039][  0]LogInit:  - supports SSL with WinSSL
[2016.01.04-22.48.32:039][  0]LogInit:  - other features:
[2016.01.04-22.48.32:039][  0]LogInit:      CURL_VERSION_SSL
[2016.01.04-22.48.32:039][  0]LogInit:      CURL_VERSION_IPV6
[2016.01.04-22.48.32:039][  0]LogInit:      CURL_VERSION_ASYNCHDNS
[2016.01.04-22.48.32:039][  0]LogInit:      CURL_VERSION_LARGEFILE
[2016.01.04-22.48.32:039][  0]LogInit:      CURL_VERSION_IDN
[2016.01.04-22.48.32:040][  0]LogInit:  CurlRequestOptions (configurable via config and command line):
[2016.01.04-22.48.32:040][  0]LogInit:  - bVerifyPeer = true  - Libcurl will verify peer certificate
[2016.01.04-22.48.32:040][  0]LogInit:  - bUseHttpProxy = false  - Libcurl will NOT use HTTP proxy
[2016.01.04-22.48.32:040][  0]LogInit:  - bDontReuseConnections = false  - Libcurl will reuse connections
[2016.01.04-22.48.32:040][  0]LogInit:  - CertBundlePath = nullptr  - Libcurl will use whatever was configured at build time.
[2016.01.04-22.48.32:047][  0]LogInit: Presizing for 0 objects not considered by GC, pre-allocating 0 bytes.
[2016.01.04-22.48.32:055][  0]LogInit: Object subsystem initialized
[2016.01.04-22.48.32:061][  0]LogInit: Selected Device Profile: [Windows]
[2016.01.04-22.48.32:061][  0]LogInit: Applying CVar settings loaded from the selected device profile: [Windows]
[2016.01.04-22.48.32:075][  0]LogInit: Computer: BISHH
[2016.01.04-22.48.32:075][  0]LogInit: User: Josh
[2016.01.04-22.48.32:075][  0]LogInit: CPU Page size=4096, Cores=4
[2016.01.04-22.48.32:075][  0]LogInit: High frequency timer resolution =2.241004 MHz
[2016.01.04-22.48.32:076][  0]LogMemory: Memory total: Physical=7.9GB (8GB approx)
[2016.01.04-22.48.32:076][  0]LogMemory: Platform Memory Stats for Windows
[2016.01.04-22.48.32:076][  0]LogMemory: Process Physical Memory: 54.93 MB used, 54.93 MB peak
[2016.01.04-22.48.32:076][  0]LogMemory: Process Virtual Memory: 57.89 MB used, 57.89 MB peak
[2016.01.04-22.48.32:076][  0]LogMemory: Physical Memory: 3607.82 MB used, 8052.05 MB total
[2016.01.04-22.48.32:076][  0]LogMemory: Virtual Memory: 364.52 MB used, 134217728.00 MB total
[2016.01.04-22.48.32:130][  0]LogTextLocalizationManager: No specific translations for ('en-US') exist, so ('en') translations will be used.
[2016.01.04-22.48.32:725][  0]LogD3D11RHI: Found D3D11 adapter 0: NVIDIA GeForce GT 650M   (Feature Level 11_0)
[2016.01.04-22.48.32:725][  0]LogD3D11RHI: Adapter has 1985MB of dedicated video memory, 0MB of dedicated system memory, and 2048MB of shared system memory, 2 output[s]
[2016.01.04-22.48.32:749][  0]LogD3D11RHI: Found D3D11 adapter 1: NVIDIA GeForce GT 650M   (Feature Level 11_0)
[2016.01.04-22.48.32:749][  0]LogD3D11RHI: Adapter has 1985MB of dedicated video memory, 0MB of dedicated system memory, and 2048MB of shared system memory, 0 output[s]
[2016.01.04-22.48.32:750][  0]LogD3D11RHI: Found D3D11 adapter 2: Microsoft Basic Render Driver (Feature Level 11_0)
[2016.01.04-22.48.32:750][  0]LogD3D11RHI: Adapter has 1985MB of dedicated video memory, 0MB of dedicated system memory, and 2048MB of shared system memory, 0 output[s]
[2016.01.04-22.48.32:750][  0]LogD3D11RHI: Chosen D3D11 Adapter Id = 0
[2016.01.04-22.48.32:760][  0]LogD3D11RHI: !Direct3DDevice
[2016.01.04-22.48.32:760][  0]LogRHI: Texture pool is 1361 MB (70% of 1945 MB)
[2016.01.04-22.48.32:778][  0]LogD3D11RHI: Async texture creation enabled
[2016.01.04-22.48.32:796][  0]LogShaderCompilers: Guid format shader working directory is -4 characters bigger than the processId version (../../../../../../development/AgeOfStrife/AoS/AoS/Intermediate/Shaders/WorkingDirectory/5360/).
[2016.01.04-22.48.32:796][  0]LogShaderCompilers: Cleaned the shader compiler working directory 'C:/Users/Josh/AppData/Local/Temp/UnrealShaderWorkingDir/E860E87A4D1C1A989EE740A593C12457/'.
[2016.01.04-22.48.32:796][  0]LogShaderCompilers:Display: Using Local Shader Compiler.
[2016.01.04-22.48.34:244][  0]LogTemp:Display: Loaded TP AllDesktopTargetPlatform
[2016.01.04-22.48.34:249][  0]LogTemp:Display: Loaded TP WindowsClientTargetPlatform
[2016.01.04-22.48.34:256][  0]LogTemp:Display: Loaded TP WindowsNoEditorTargetPlatform
[2016.01.04-22.48.34:261][  0]LogTemp:Display: Loaded TP WindowsServerTargetPlatform
[2016.01.04-22.48.34:266][  0]LogTemp:Display: Loaded TP WindowsTargetPlatform
[2016.01.04-22.48.34:272][  0]LogTemp:Display: Loaded TP AndroidTargetPlatform
[2016.01.04-22.48.34:276][  0]LogTemp:Display: Loaded TP Android_ASTCTargetPlatform
[2016.01.04-22.48.34:280][  0]LogTemp:Display: Loaded TP Android_ATCTargetPlatform
[2016.01.04-22.48.34:283][  0]LogTemp:Display: Loaded TP Android_DXTTargetPlatform
[2016.01.04-22.48.34:286][  0]LogTemp:Display: Loaded TP Android_ETC1TargetPlatform
[2016.01.04-22.48.34:291][  0]LogTemp:Display: Loaded TP Android_ETC2TargetPlatform
[2016.01.04-22.48.34:298][  0]LogTemp:Display: Loaded TP Android_MultiTargetPlatform
[2016.01.04-22.48.34:298][  0]LogTemp:Display: Loaded TP Android_PVRTCTargetPlatform
[2016.01.04-22.48.34:299][  0]LogTemp:Display: Loaded TP HTML5TargetPlatform
[2016.01.04-22.48.34:320][  0]LogTemp:Display: Loaded TP IOSTargetPlatform
[2016.01.04-22.48.34:324][  0]LogTemp:Display: Loaded TP LinuxNoEditorTargetPlatform
[2016.01.04-22.48.34:328][  0]LogTemp:Display: Loaded TP LinuxServerTargetPlatform
[2016.01.04-22.48.34:334][  0]LogTemp:Display: Loaded TP LinuxTargetPlatform
[2016.01.04-22.48.34:334][  0]LogTargetPlatformManager:Display: Building Assets For Windows
[2016.01.04-22.48.34:426][  0]LogDerivedDataCache:Display: Max Cache Size: 512 MB
[2016.01.04-22.48.35:339][  0]LogDerivedDataCache: Loaded boot cache 0.91s 41MB C:/Users/Josh/AppData/Local/UnrealEngine/4.10/DerivedDataCache/Boot.ddc.
[2016.01.04-22.48.35:339][  0]LogDerivedDataCache:Display: Loaded Boot cache: C:/Users/Josh/AppData/Local/UnrealEngine/4.10/DerivedDataCache/Boot.ddc
[2016.01.04-22.48.35:339][  0]LogDerivedDataCache: FDerivedDataBackendGraph:  Pak pak cache file ../../../../../../development/AgeOfStrife/AoS/AoS/DerivedDataCache/DDC.ddp not found, will not use a pak cache.
[2016.01.04-22.48.35:339][  0]LogDerivedDataCache: Unable to find inner node Pak for hierarchical cache Hierarchy.
[2016.01.04-22.48.35:339][  0]LogDerivedDataCache: FDerivedDataBackendGraph:  CompressedPak pak cache file ../../../../../../development/AgeOfStrife/AoS/AoS/DerivedDataCache/Compressed.ddp not found, will not use a pak cache.
[2016.01.04-22.48.35:339][  0]LogDerivedDataCache: Unable to find inner node CompressedPak for hierarchical cache Hierarchy.
[2016.01.04-22.48.35:406][  0]LogDerivedDataCache:Display: Pak cache opened for reading ../../../Engine/DerivedDataCache/Compressed.ddp.
[2016.01.04-22.48.35:420][  0]LogDerivedDataCache: Using Local data cache path C:/Users/Josh/AppData/Local/UnrealEngine/Common/DerivedDataCache: Writable
[2016.01.04-22.48.35:878][  0]LogInit: Selected Device Profile: [Windows]
[2016.01.04-22.48.35:882][  0]LogContentStreaming: Texture pool size is 0.000000MB
[2016.01.04-22.48.36:326][  0]LogMeshUtilities: No automatic mesh reduction module available
[2016.01.04-22.48.36:326][  0]LogMeshUtilities: No automatic mesh merging module available
[2016.01.04-22.48.37:753][  0]LogInit: WinSock: version 1.1 (2.2), MaxSocks=32767, MaxUdp=65467
[2016.01.04-22.49.03:229][  0]UdpMessaging: Initializing bridge on interface 0.0.0.0:0 to multicast group 230.0.0.1:6666.
[2016.01.04-22.49.03:336][  0]LogAssetRegistry: FAssetRegistry took 0.0114 seconds to start up
[2016.01.04-22.49.04:410][  0]SourceControl: Info Source control is disabled
[2016.01.04-22.49.04:654][  0]SourceControl: Info Source control is disabled
[2016.01.04-22.49.04:665][  0]SourceControl: Info Source control is disabled
[2016.01.04-22.49.04:676][  0]SourceControl: Info Source control is disabled
[2016.01.04-22.49.06:469][  0]LogObj: 28633 objects as part of root set at end of initial load.
[2016.01.04-22.49.06:469][  0]LogUObjectAllocator: 6099752 out of 0 bytes used by permanent object pool.
[2016.01.04-22.49.06:532][  0]LogEngine: Initializing Engine...
[2016.01.04-22.49.06:535][  0]LogHMD: Can't find Oculus library dev build: is proper Runtime installed? Version: 0.8.0.0
[2016.01.04-22.49.06:535][  0]LogHMD: SteamVR failed to initialize.  Err: 110
[2016.01.04-22.49.07:598][  0]LogAIModule: Creating AISystem for world NewWorld
[2016.01.04-22.49.07:603][  0]LogInit: XAudio2 using 'Speakers (Logitech G930 Headset)' : 2 channels at 44.1 kHz using 16 bits per sample (channel mask 0x3)
[2016.01.04-22.49.07:611][  0]LogInit: FAudioDevice initialized.
[2016.01.04-22.49.07:639][  0]LogDerivedDataCache: Saved boot cache 0.03s 41MB C:/Users/Josh/AppData/Local/UnrealEngine/4.10/DerivedDataCache/Boot.ddc.
[2016.01.04-22.49.07:876][  0]LogInit: Texture streaming: Enabled
[2016.01.04-22.49.07:882][  0]LogAnalytics: Creating configured Analytics provider AnalyticsET
[2016.01.04-22.49.07:882][  0]LogAnalytics: [UEEditor.Rocket.Release] APIServer = http://et2.epicgames.com/ET2/. AppVersion = 4.10.1-2791327+++depot+UE4-Releases+4.10
[2016.01.04-22.49.07:882][  0]LogAnalytics: [UEEditor.Rocket.Release] SetUserId b7d837e646d63d851c1ad28bddf0d4d1|56b4d081fe8f42b1b9ec782d6bb43a2b|29f16bb6-9dff-4aa1-a9a1-59f562255aff
[2016.01.04-22.49.07:882][  0]LogAnalytics: [UEEditor.Rocket.Release] AnalyticsET::StartSession
[2016.01.04-22.49.08:017][  0]LogInit: Transaction tracking system initialized
[2016.01.04-22.49.08:052][  0]BlueprintLog: New page: Editor Load
[2016.01.04-22.49.08:381][  0]LocalizationService: Info Localization service is disabled
[2016.01.04-22.49.08:895][  0]LogConsoleResponse:Display: 
[2016.01.04-22.49.10:684][  0]LogCook:Display: Done creating registry. It took  0.00s.
[2016.01.04-22.49.11:208][  0]LogFileCache: Scanning file cache for directory 'C:/development/AgeOfStrife/AoS/AoS/Content/' took 0.02s
[2016.01.04-22.49.11:235][  0]SourceControl: Info Source control is disabled
[2016.01.04-22.49.11:236][  0]LogFactory: FactoryCreateBinary: PackFactory with PackFactory (0 0 C:/Program Files (x86)/Epic Games/4.10/FeaturePacks/StarterContent.upack)
[2016.01.04-22.49.11:242][  0]LogPackFactory: Finished extracting 8 files (including 0 errors).
[2016.01.04-22.49.11:281][  0]LogPackFactory: Copied "../../../Samples/StarterContent/Content/StarterContent/Architecture/Floor_400x400.uasset" to "../../../../../../development/AgeOfStrife/AoS/AoS/Content/StarterContent/Architecture/Floor_400x400.uasset"
[2016.01.04-22.49.11:346][  0]LogPackFactory: Copied "../../../Samples/StarterContent/Content/StarterContent/Architecture/Pillar_50x500.uasset" to "../../../../../../development/AgeOfStrife/AoS/AoS/Content/StarterContent/Architecture/Pillar_50x500.uasset"
[2016.01.04-22.49.11:397][  0]LogPackFactory: Copied "../../../Samples/StarterContent/Content/StarterContent/Architecture/SM_AssetPlatform.uasset" to "../../../../../../development/AgeOfStrife/AoS/AoS/Content/StarterContent/Architecture/SM_AssetPlatform.uasset"
[2016.01.04-22.49.11:435][  0]LogPackFactory: Copied "../../../Samples/StarterContent/Content/StarterContent/Architecture/Wall_400x200.uasset" to "../../../../../../development/AgeOfStrife/AoS/AoS/Content/StarterContent/Architecture/Wall_400x200.uasset"
[2016.01.04-22.49.11:467][  0]LogPackFactory: Copied "../../../Samples/StarterContent/Content/StarterContent/Architecture/Wall_400x300.uasset" to "../../../../../../development/AgeOfStrife/AoS/AoS/Content/StarterContent/Architecture/Wall_400x300.uasset"
[2016.01.04-22.49.11:490][  0]LogPackFactory: Copied "../../../Samples/StarterContent/Content/StarterContent/Architecture/Wall_400x400.uasset" to "../../../../../../development/AgeOfStrife/AoS/AoS/Content/StarterContent/Architecture/Wall_400x400.uasset"
[2016.01.04-22.49.11:508][  0]LogPackFactory: Copied "../../../Samples/StarterContent/Content/StarterContent/Architecture/Wall_500x500.uasset" to "../../../../../../development/AgeOfStrife/AoS/AoS/Content/StarterContent/Architecture/Wall_500x500.uasset"
[2016.01.04-22.49.11:529][  0]LogPackFactory: Copied "../../../Samples/StarterContent/Content/StarterContent/Architecture/Wall_Door_400x300.uasset" to "../../../../../../development/AgeOfStrife/AoS/AoS/Content/StarterContent/Architecture/Wall_Door_400x300.uasset"
[2016.01.04-22.49.11:549][  0]LogPackFactory: Copied "../../../Samples/StarterContent/Content/StarterContent/Architecture/Wall_Door_400x400.uasset" to "../../../../../../development/AgeOfStrife/AoS/AoS/Content/StarterContent/Architecture/Wall_Door_400x400.uasset"
[2016.01.04-22.49.11:581][  0]LogPackFactory: Copied "../../../Samples/StarterContent/Content/StarterContent/Architecture/Wall_Window_400x300.uasset" to "../../../../../../development/AgeOfStrife/AoS/AoS/Content/StarterContent/Architecture/Wall_Window_400x300.uasset"
[2016.01.04-22.49.11:608][  0]LogPackFactory: Copied "../../../Samples/StarterContent/Content/StarterContent/Architecture/Wall_Window_400x400.uasset" to "../../../../../../development/AgeOfStrife/AoS/AoS/Content/StarterContent/Architecture/Wall_Window_400x400.uasset"
[2016.01.04-22.49.11:645][  0]LogPackFactory: Copied "../../../Samples/StarterContent/Content/StarterContent/Audio/Collapse01.uasset" to "../../../../../../development/AgeOfStrife/AoS/AoS/Content/StarterContent/Audio/Collapse01.uasset"
[2016.01.04-22.49.11:697][  0]LogPackFactory: Copied "../../../Samples/StarterContent/Content/StarterContent/Audio/Collapse02.uasset" to "../../../../../../development/AgeOfStrife/AoS/AoS/Content/StarterContent/Audio/Collapse02.uasset"
[2016.01.04-22.49.11:736][  0]LogPackFactory: Copied "../../../Samples/StarterContent/Content/StarterContent/Audio/Collapse_Cue.uasset" to "../../../../../../development/AgeOfStrife/AoS/AoS/Content/StarterContent/Audio/Collapse_Cue.uasset"
[2016.01.04-22.49.11:807][  0]LogPackFactory: Copied "../../../Samples/StarterContent/Content/StarterContent/Audio/Explosion01.uasset" to "../../../../../../development/AgeOfStrife/AoS/AoS/Content/StarterContent/Audio/Explosion01.uasset"
[2016.01.04-22.49.11:852][  0]LogPackFactory: Copied "../../../Samples/StarterContent/Content/StarterContent/Audio/Explosion02.uasset" to "../../../../../../development/AgeOfStrife/AoS/AoS/Content/StarterContent/Audio/Explosion02.uasset"
[2016.01.04-22.49.11:885][  0]LogPackFactory: Copied "../../../Samples/StarterContent/Content/StarterContent/Audio/Explosion_Cue.uasset" to "../../../../../../development/AgeOfStrife/AoS/AoS/Content/StarterContent/Audio/Explosion_Cue.uasset"
[2016.01.04-22.49.11:926][  0]LogPackFactory: Copied "../../../Samples/StarterContent/Content/StarterContent/Audio/Fire01.uasset" to "../../../../../../development/AgeOfStrife/AoS/AoS/Content/StarterContent/Audio/Fire01.uasset"
[2016.01.04-22.49.11:944][  0]LogPackFactory: Copied "../../../Samples/StarterContent/Content/StarterContent/Audio/Fire01_Cue.uasset" to "../../../../../../development/AgeOfStrife/AoS/AoS/Content/StarterContent/Audio/Fire01_Cue.uasset"
[2016.01.04-22.49.11:996][  0]LogPackFactory: Copied "../../../Samples/StarterContent/Content/StarterContent/Audio/Fire_Sparks01.uasset" to "../../../../../../development/AgeOfStrife/AoS/AoS/Content/StarterContent/Audio/Fire_Sparks01.uasset"
[2016.01.04-22.49.12:031][  0]LogPackFactory: Copied "../../../Samples/StarterContent/Content/StarterContent/Audio/Fire_Sparks01_Cue.uasset" to "../../../../../../development/AgeOfStrife/AoS/AoS/Content/StarterContent/Audio/Fire_Sparks01_Cue.uasset"
[2016.01.04-22.49.12:071][  0]LogPackFactory: Copied "../../../Samples/StarterContent/Content/StarterContent/Audio/Light01.uasset" to "../../../../../../development/AgeOfStrife/AoS/AoS/Content/StarterContent/Audio/Light01.uasset"
[2016.01.04-22.49.12:099][  0]LogPackFactory: Copied "../../../Samples/StarterContent/Content/StarterContent/Audio/Light01_Cue.uasset" to "../../../../../../development/AgeOfStrife/AoS/AoS/Content/StarterContent/Audio/Light01_Cue.uasset"
[2016.01.04-22.49.12:143][  0]LogPackFactory: Copied "../../../Samples/StarterContent/Content/StarterContent/Audio/Light02.uasset" to "../../../../../../development/AgeOfStrife/AoS/AoS/Content/StarterContent/Audio/Light02.uasset"
[2016.01.04-22.49.12:165][  0]LogPackFactory: Copied "../../../Samples/StarterContent/Content/StarterContent/Audio/Light02_Cue.uasset" to "../../../../../../development/AgeOfStrife/AoS/AoS/Content/StarterContent/Audio/Light02_Cue.uasset"
[2016.01.04-22.49.12:196][  0]LogPackFactory: Copied "../../../Samples/StarterContent/Content/StarterContent/Audio/Smoke01.uasset" to "../../../../../../development/AgeOfStrife/AoS/AoS/Content/StarterContent/Audio/Smoke01.uasset"
[2016.01.04-22.49.12:226][  0]LogPackFactory: Copied "../../../Samples/StarterContent/Content/StarterContent/Audio/Smoke01_Cue.uasset" to "../../../../../../development/AgeOfStrife/AoS/AoS/Content/StarterContent/Audio/Smoke01_Cue.uasset"
[2016.01.04-22.49.12:446][  0]LogPackFactory: Copied "../../../Samples/StarterContent/Content/StarterContent/Audio/Starter_Background_Cue.uasset" to "../../../../../../development/AgeOfStrife/AoS/AoS/Content/StarterContent/Audio/Starter_Background_Cue.uasset"
[2016.01.04-22.49.12:583][  0]LogPackFactory: Copied "../../../Samples/StarterContent/Content/StarterContent/Audio/Starter_Birds01.uasset" to "../../../../../../development/AgeOfStrife/AoS/AoS/Content/StarterContent/Audio/Starter_Birds01.uasset"
[2016.01.04-22.49.12:681][  0]LogPackFactory: Copied "../../../Samples/StarterContent/Content/StarterContent/Audio/Starter_Music01.uasset" to "../../../../../../development/AgeOfStrife/AoS/AoS/Content/StarterContent/Audio/Starter_Music01.uasset"
[2016.01.04-22.49.12:708][  0]LogPackFactory: Copied "../../../Samples/StarterContent/Content/StarterContent/Audio/Starter_Music_Cue.uasset" to "../../../../../../development/AgeOfStrife/AoS/AoS/Content/StarterContent/Audio/Starter_Music_Cue.uasset"
[2016.01.04-22.49.12:797][  0]LogPackFactory: Copied "../../../Samples/StarterContent/Content/StarterContent/Audio/Starter_Wind05.uasset" to "../../../../../../development/AgeOfStrife/AoS/AoS/Content/StarterContent/Audio/Starter_Wind05.uasset"
[2016.01.04-22.49.12:899][  0]LogPackFactory: Copied "../../../Samples/StarterContent/Content/StarterContent/Audio/Starter_Wind06.uasset" to "../../../../../../development/AgeOfStrife/AoS/AoS/Content/StarterContent/Audio/Starter_Wind06.uasset"
[2016.01.04-22.49.12:903][  0]LogPackFactory: Copied "../../../Samples/StarterContent/Content/StarterContent/Audio/Steam01.uasset" to "../../../../../../development/AgeOfStrife/AoS/AoS/Content/StarterContent/Audio/Steam01.uasset"
[2016.01.04-22.49.12:918][  0]LogPackFactory: Copied "../../../Samples/StarterContent/Content/StarterContent/Audio/Steam01_Cue.uasset" to "../../../../../../development/AgeOfStrife/AoS/AoS/Content/StarterContent/Audio/Steam01_Cue.uasset"
[2016.01.04-22.49.12:951][  0]LogPackFactory: Copied "../../../Samples/StarterContent/Content/StarterContent/Blueprints/Blueprint_CeilingLight.uasset" to "../../../../../../development/AgeOfStrife/AoS/AoS/Content/StarterContent/Blueprints/Blueprint_CeilingLight.uasset"
[2016.01.04-22.49.12:980][  0]LogPackFactory: Copied "../../../Samples/StarterContent/Content/StarterContent/Blueprints/Blueprint_Effect_Explosion.uasset" to "../../../../../../development/AgeOfStrife/AoS/AoS/Content/StarterContent/Blueprints/Blueprint_Effect_Explosion.uasset"
[2016.01.04-22.49.13:083][  0]LogPackFactory: Copied "../../../Samples/StarterContent/Content/StarterContent/Blueprints/Blueprint_Effect_Fire.uasset" to "../../../../../../development/AgeOfStrife/AoS/AoS/Content/StarterContent/Blueprints/Blueprint_Effect_Fire.uasset"
[2016.01.04-22.49.13:184][  0]LogPackFactory: Copied "../../../Samples/StarterContent/Content/StarterContent/Blueprints/Blueprint_Effect_Smoke.uasset" to "../../../../../../development/AgeOfStrife/AoS/AoS/Content/StarterContent/Blueprints/Blueprint_Effect_Smoke.uasset"
[2016.01.04-22.49.13:358][  0]LogPackFactory: Copied "../../../Samples/StarterContent/Content/StarterContent/Blueprints/Blueprint_Effect_Sparks.uasset" to "../../../../../../development/AgeOfStrife/AoS/AoS/Content/StarterContent/Blueprints/Blueprint_Effect_Sparks.uasset"
[2016.01.04-22.49.13:382][  0]LogPackFactory: Copied "../../../Samples/StarterContent/Content/StarterContent/Blueprints/Blueprint_Effect_Steam.uasset" to "../../../../../../development/AgeOfStrife/AoS/AoS/Content/StarterContent/Blueprints/Blueprint_Effect_Steam.uasset"
[2016.01.04-22.49.13:416][  0]LogPackFactory: Copied "../../../Samples/StarterContent/Content/StarterContent/Blueprints/Blueprint_WallSconce.uasset" to "../../../../../../development/AgeOfStrife/AoS/AoS/Content/StarterContent/Blueprints/Blueprint_WallSconce.uasset"
[2016.01.04-22.49.13:466][  0]LogPackFactory: Copied "../../../Samples/StarterContent/Content/StarterContent/Blueprints/BP_LightStudio.uasset" to "../../../../../../development/AgeOfStrife/AoS/AoS/Content/StarterContent/Blueprints/BP_LightStudio.uasset"
[2016.01.04-22.49.13:489][  0]LogPackFactory: Copied "../../../Samples/StarterContent/Content/StarterContent/Blueprints/Assets/FogBrightnessLUT.uasset" to "../../../../../../development/AgeOfStrife/AoS/AoS/Content/StarterContent/Blueprints/Assets/FogBrightnessLUT.uasset"
[2016.01.04-22.49.13:514][  0]LogPackFactory: Copied "../../../Samples/StarterContent/Content/StarterContent/Blueprints/Assets/M_LightStage_Arrows.uasset" to "../../../../../../development/AgeOfStrife/AoS/AoS/Content/StarterContent/Blueprints/Assets/M_LightStage_Arrows.uasset"
[2016.01.04-22.49.13:542][  0]LogPackFactory: Copied "../../../Samples/StarterContent/Content/StarterContent/Blueprints/Assets/M_LightStage_Skybox_Black.uasset" to "../../../../../../development/AgeOfStrife/AoS/AoS/Content/StarterContent/Blueprints/Assets/M_LightStage_Skybox_Black.uasset"
[2016.01.04-22.49.13:578][  0]LogPackFactory: Copied "../../../Samples/StarterContent/Content/StarterContent/Blueprints/Assets/M_LightStage_Skybox_HDRI.uasset" to "../../../../../../development/AgeOfStrife/AoS/AoS/Content/StarterContent/Blueprints/Assets/M_LightStage_Skybox_HDRI.uasset"
[2016.01.04-22.49.13:612][  0]LogPackFactory: Copied "../../../Samples/StarterContent/Content/StarterContent/Blueprints/Assets/M_LightStage_Skybox_Master.uasset" to "../../../../../../development/AgeOfStrife/AoS/AoS/Content/StarterContent/Blueprints/Assets/M_LightStage_Skybox_Master.uasset"
[2016.01.04-22.49.13:663][  0]LogPackFactory: Copied "../../../Samples/StarterContent/Content/StarterContent/Blueprints/Assets/Skybox.uasset" to "../../../../../../development/AgeOfStrife/AoS/AoS/Content/StarterContent/Blueprints/Assets/Skybox.uasset"
[2016.01.04-22.49.13:701][  0]LogPackFactory: Copied "../../../Samples/StarterContent/Content/StarterContent/Blueprints/Assets/SM_Arrows.uasset" to "../../../../../../development/AgeOfStrife/AoS/AoS/Content/StarterContent/Blueprints/Assets/SM_Arrows.uasset"
[2016.01.04-22.49.13:728][  0]LogPackFactory: Copied "../../../Samples/StarterContent/Content/StarterContent/Blueprints/Assets/SunlightColorLUT.uasset" to "../../../../../../development/AgeOfStrife/AoS/AoS/Content/StarterContent/Blueprints/Assets/SunlightColorLUT.uasset"
[2016.01.04-22.49.13:806][  0]LogPackFactory: Copied "../../../Samples/StarterContent/Content/StarterContent/HDRI/HDRI_Epic_Courtyard_Daylight.uasset" to "../../../../../../development/AgeOfStrife/AoS/AoS/Content/StarterContent/HDRI/HDRI_Epic_Courtyard_Daylight.uasset"
[2016.01.04-22.49.13:836][  0]LogPackFactory: Copied "../../../Samples/StarterContent/Content/StarterContent/Maps/Advanced_Lighting.umap" to "../../../../../../development/AgeOfStrife/AoS/AoS/Content/StarterContent/Maps/Advanced_Lighting.umap"
[2016.01.04-22.49.13:906][  0]LogPackFactory: Copied "../../../Samples/StarterContent/Content/StarterContent/Maps/Minimal_Default.umap" to "../../../../../../development/AgeOfStrife/AoS/AoS/Content/StarterContent/Maps/Minimal_Default.umap"
[2016.01.04-22.49.13:956][  0]LogPackFactory: Copied "../../../Samples/StarterContent/Content/StarterContent/Maps/StarterMap.umap" to "../../../../../../development/AgeOfStrife/AoS/AoS/Content/StarterContent/Maps/StarterMap.umap"
[2016.01.04-22.49.13:994][  0]LogPackFactory: Copied "../../../Samples/StarterContent/Content/StarterContent/Materials/M_AssetPlatform.uasset" to "../../../../../../development/AgeOfStrife/AoS/AoS/Content/StarterContent/Materials/M_AssetPlatform.uasset"
[2016.01.04-22.49.14:025][  0]LogPackFactory: Copied "../../../Samples/StarterContent/Content/StarterContent/Materials/M_Basic_Floor.uasset" to "../../../../../../development/AgeOfStrife/AoS/AoS/Content/StarterContent/Materials/M_Basic_Floor.uasset"
[2016.01.04-22.49.14:047][  0]LogPackFactory: Copied "../../../Samples/StarterContent/Content/StarterContent/Materials/M_Basic_Wall.uasset" to "../../../../../../development/AgeOfStrife/AoS/AoS/Content/StarterContent/Materials/M_Basic_Wall.uasset"
[2016.01.04-22.49.14:080][  0]LogPackFactory: Copied "../../../Samples/StarterContent/Content/StarterContent/Materials/M_Brick_Clay_Beveled.uasset" to "../../../../../../development/AgeOfStrife/AoS/AoS/Content/StarterContent/Materials/M_Brick_Clay_Beveled.uasset"
[2016.01.04-22.49.14:116][  0]LogPackFactory: Copied "../../../Samples/StarterContent/Content/StarterContent/Materials/M_Brick_Clay_New.uasset" to "../../../../../../development/AgeOfStrife/AoS/AoS/Content/StarterContent/Materials/M_Brick_Clay_New.uasset"
[2016.01.04-22.49.14:152][  0]LogPackFactory: Copied "../../../Samples/StarterContent/Content/StarterContent/Materials/M_Brick_Clay_Old.uasset" to "../../../../../../development/AgeOfStrife/AoS/AoS/Content/StarterContent/Materials/M_Brick_Clay_Old.uasset"
[2016.01.04-22.49.14:186][  0]LogPackFactory: Copied "../../../Samples/StarterContent/Content/StarterContent/Materials/M_Brick_Cut_Stone.uasset" to "../../../../../../development/AgeOfStrife/AoS/AoS/Content/StarterContent/Materials/M_Brick_Cut_Stone.uasset"
[2016.01.04-22.49.14:213][  0]LogPackFactory: Copied "../../../Samples/StarterContent/Content/StarterContent/Materials/M_Brick_Hewn_Stone.uasset" to "../../../../../../development/AgeOfStrife/AoS/AoS/Content/StarterContent/Materials/M_Brick_Hewn_Stone.uasset"
[2016.01.04-22.49.14:249][  0]LogPackFactory: Copied "../../../Samples/StarterContent/Content/StarterContent/Materials/M_Ceramic_Tile_Checker.uasset" to "../../../../../../development/AgeOfStrife/AoS/AoS/Content/StarterContent/Materials/M_Ceramic_Tile_Checker.uasset"
[2016.01.04-22.49.14:288][  0]LogPackFactory: Copied "../../../Samples/StarterContent/Content/StarterContent/Materials/M_CobbleStone_Pebble.uasset" to "../../../../../../development/AgeOfStrife/AoS/AoS/Content/StarterContent/Materials/M_CobbleStone_Pebble.uasset"
[2016.01.04-22.49.14:322][  0]LogPackFactory: Copied "../../../Samples/StarterContent/Content/StarterContent/Materials/M_CobbleStone_Rough.uasset" to "../../../../../../development/AgeOfStrife/AoS/AoS/Content/StarterContent/Materials/M_CobbleStone_Rough.uasset"
[2016.01.04-22.49.14:348][  0]LogPackFactory: Copied "../../../Samples/StarterContent/Content/StarterContent/Materials/M_CobbleStone_Smooth.uasset" to "../../../../../../development/AgeOfStrife/AoS/AoS/Content/StarterContent/Materials/M_CobbleStone_Smooth.uasset"
[2016.01.04-22.49.14:383][  0]LogPackFactory: Copied "../../../Samples/StarterContent/Content/StarterContent/Materials/M_ColorGrid_LowSpec.uasset" to "../../../../../../development/AgeOfStrife/AoS/AoS/Content/StarterContent/Materials/M_ColorGrid_LowSpec.uasset"
[2016.01.04-22.49.14:419][  0]LogPackFactory: Copied "../../../Samples/StarterContent/Content/StarterContent/Materials/M_Concrete_Grime.uasset" to "../../../../../../development/AgeOfStrife/AoS/AoS/Content/StarterContent/Materials/M_Concrete_Grime.uasset"
[2016.01.04-22.49.14:457][  0]LogPackFactory: Copied "../../../Samples/StarterContent/Content/StarterContent/Materials/M_Concrete_Panels.uasset" to "../../../../../../development/AgeOfStrife/AoS/AoS/Content/StarterContent/Materials/M_Concrete_Panels.uasset"
[2016.01.04-22.49.14:618][  0]LogPackFactory: Copied "../../../Samples/StarterContent/Content/StarterContent/Materials/M_Concrete_Poured.uasset" to "../../../../../../development/AgeOfStrife/AoS/AoS/Content/StarterContent/Materials/M_Concrete_Poured.uasset"
[2016.01.04-22.49.14:699][  0]LogPackFactory: Copied "../../../Samples/StarterContent/Content/StarterContent/Materials/M_Concrete_Tiles.uasset" to "../../../../../../development/AgeOfStrife/AoS/AoS/Content/StarterContent/Materials/M_Concrete_Tiles.uasset"
[2016.01.04-22.49.14:832][  0]LogPackFactory: Copied "../../../Samples/StarterContent/Content/StarterContent/Materials/M_Glass.uasset" to "../../../../../../development/AgeOfStrife/AoS/AoS/Content/StarterContent/Materials/M_Glass.uasset"
[2016.01.04-22.49.14:955][  0]LogPackFactory: Copied "../../../Samples/StarterContent/Content/StarterContent/Materials/M_Ground_Grass.uasset" to "../../../../../../development/AgeOfStrife/AoS/AoS/Content/StarterContent/Materials/M_Ground_Grass.uasset"
[2016.01.04-22.49.15:047][  0]LogPackFactory: Copied "../../../Samples/StarterContent/Content/StarterContent/Materials/M_Ground_Gravel.uasset" to "../../../../../../development/AgeOfStrife/AoS/AoS/Content/StarterContent/Materials/M_Ground_Gravel.uasset"
[2016.01.04-22.49.15:101][  0]LogPackFactory: Copied "../../../Samples/StarterContent/Content/StarterContent/Materials/M_Ground_Moss.uasset" to "../../../../../../development/AgeOfStrife/AoS/AoS/Content/StarterContent/Materials/M_Ground_Moss.uasset"
[2016.01.04-22.49.15:272][  0]LogPackFactory: Copied "../../../Samples/StarterContent/Content/StarterContent/Materials/M_Metal_Brushed_Nickel.uasset" to "../../../../../../development/AgeOfStrife/AoS/AoS/Content/StarterContent/Materials/M_Metal_Brushed_Nickel.uasset"
[2016.01.04-22.49.15:472][  0]LogPackFactory: Copied "../../../Samples/StarterContent/Content/StarterContent/Materials/M_Metal_Burnished_Steel.uasset" to "../../../../../../development/AgeOfStrife/AoS/AoS/Content/StarterContent/Materials/M_Metal_Burnished_Steel.uasset"
[2016.01.04-22.49.15:505][  0]LogPackFactory: Copied "../../../Samples/StarterContent/Content/StarterContent/Materials/M_Metal_Chrome.uasset" to "../../../../../../development/AgeOfStrife/AoS/AoS/Content/StarterContent/Materials/M_Metal_Chrome.uasset"
[2016.01.04-22.49.15:532][  0]LogPackFactory: Copied "../../../Samples/StarterContent/Content/StarterContent/Materials/M_Metal_Copper.uasset" to "../../../../../../development/AgeOfStrife/AoS/AoS/Content/StarterContent/Materials/M_Metal_Copper.uasset"
[2016.01.04-22.49.15:556][  0]LogPackFactory: Copied "../../../Samples/StarterContent/Content/StarterContent/Materials/M_Metal_Gold.uasset" to "../../../../../../development/AgeOfStrife/AoS/AoS/Content/StarterContent/Materials/M_Metal_Gold.uasset"
[2016.01.04-22.49.15:592][  0]LogPackFactory: Copied "../../../Samples/StarterContent/Content/StarterContent/Materials/M_Metal_Rust.uasset" to "../../../../../../development/AgeOfStrife/AoS/AoS/Content/StarterContent/Materials/M_Metal_Rust.uasset"
[2016.01.04-22.49.15:622][  0]LogPackFactory: Copied "../../../Samples/StarterContent/Content/StarterContent/Materials/M_Metal_Steel.uasset" to "../../../../../../development/AgeOfStrife/AoS/AoS/Content/StarterContent/Materials/M_Metal_Steel.uasset"
[2016.01.04-22.49.15:651][  0]LogPackFactory: Copied "../../../Samples/StarterContent/Content/StarterContent/Materials/M_Rock_Basalt.uasset" to "../../../../../../development/AgeOfStrife/AoS/AoS/Content/StarterContent/Materials/M_Rock_Basalt.uasset"
[2016.01.04-22.49.15:684][  0]LogPackFactory: Copied "../../../Samples/StarterContent/Content/StarterContent/Materials/M_Rock_Marble_Polished.uasset" to "../../../../../../development/AgeOfStrife/AoS/AoS/Content/StarterContent/Materials/M_Rock_Marble_Polished.uasset"
[2016.01.04-22.49.15:712][  0]LogPackFactory: Copied "../../../Samples/StarterContent/Content/StarterContent/Materials/M_Rock_Sandstone.uasset" to "../../../../../../development/AgeOfStrife/AoS/AoS/Content/StarterContent/Materials/M_Rock_Sandstone.uasset"
[2016.01.04-22.49.15:740][  0]LogPackFactory: Copied "../../../Samples/StarterContent/Content/StarterContent/Materials/M_Rock_Slate.uasset" to "../../../../../../development/AgeOfStrife/AoS/AoS/Content/StarterContent/Materials/M_Rock_Slate.uasset"
[2016.01.04-22.49.15:763][  0]LogPackFactory: Copied "../../../Samples/StarterContent/Content/StarterContent/Materials/M_Tech_Checker_Dot.uasset" to "../../../../../../development/AgeOfStrife/AoS/AoS/Content/StarterContent/Materials/M_Tech_Checker_Dot.uasset"
[2016.01.04-22.49.15:794][  0]LogPackFactory: Copied "../../../Samples/StarterContent/Content/StarterContent/Materials/M_Tech_Hex_Tile.uasset" to "../../../../../../development/AgeOfStrife/AoS/AoS/Content/StarterContent/Materials/M_Tech_Hex_Tile.uasset"
[2016.01.04-22.49.15:830][  0]LogPackFactory: Copied "../../../Samples/StarterContent/Content/StarterContent/Materials/M_Tech_Hex_Tile_Pulse.uasset" to "../../../../../../development/AgeOfStrife/AoS/AoS/Content/StarterContent/Materials/M_Tech_Hex_Tile_Pulse.uasset"
[2016.01.04-22.49.16:055][  0]LogPackFactory: Copied "../../../Samples/StarterContent/Content/StarterContent/Materials/M_Tech_Panel.uasset" to "../../../../../../development/AgeOfStrife/AoS/AoS/Content/StarterContent/Materials/M_Tech_Panel.uasset"
[2016.01.04-22.49.16:579][  0]LogPackFactory: Copied "../../../Samples/StarterContent/Content/StarterContent/Materials/M_Water_Lake.uasset" to "../../../../../../development/AgeOfStrife/AoS/AoS/Content/StarterContent/Materials/M_Water_Lake.uasset"
[2016.01.04-22.49.16:755][  0]LogPackFactory: Copied "../../../Samples/StarterContent/Content/StarterContent/Materials/M_Water_Ocean.uasset" to "../../../../../../development/AgeOfStrife/AoS/AoS/Content/StarterContent/Materials/M_Water_Ocean.uasset"
[2016.01.04-22.49.16:924][  0]LogPackFactory: Copied "../../../Samples/StarterContent/Content/StarterContent/Materials/M_Wood_Floor_Walnut_Polished.uasset" to "../../../../../../development/AgeOfStrife/AoS/AoS/Content/StarterContent/Materials/M_Wood_Floor_Walnut_Polished.uasset"
[2016.01.04-22.49.16:964][  0]LogPackFactory: Copied "../../../Samples/StarterContent/Content/StarterContent/Materials/M_Wood_Floor_Walnut_Worn.uasset" to "../../../../../../development/AgeOfStrife/AoS/AoS/Content/StarterContent/Materials/M_Wood_Floor_Walnut_Worn.uasset"
[2016.01.04-22.49.17:008][  0]LogPackFactory: Copied "../../../Samples/StarterContent/Content/StarterContent/Materials/M_Wood_Oak.uasset" to "../../../../../../development/AgeOfStrife/AoS/AoS/Content/StarterContent/Materials/M_Wood_Oak.uasset"
[2016.01.04-22.49.17:048][  0]LogPackFactory: Copied "../../../Samples/StarterContent/Content/StarterContent/Materials/M_Wood_Pine.uasset" to "../../../../../../development/AgeOfStrife/AoS/AoS/Content/StarterContent/Materials/M_Wood_Pine.uasset"
[2016.01.04-22.49.17:077][  0]LogPackFactory: Copied "../../../Samples/StarterContent/Content/StarterContent/Materials/M_Wood_Walnut.uasset" to "../../../../../../development/AgeOfStrife/AoS/AoS/Content/StarterContent/Materials/M_Wood_Walnut.uasset"
[2016.01.04-22.49.17:108][  0]LogPackFactory: Copied "../../../Samples/StarterContent/Content/StarterContent/Particles/P_Ambient_Dust.uasset" to "../../../../../../development/AgeOfStrife/AoS/AoS/Content/StarterContent/Particles/P_Ambient_Dust.uasset"
[2016.01.04-22.49.17:152][  0]LogPackFactory: Copied "../../../Samples/StarterContent/Content/StarterContent/Particles/P_Explosion.uasset" to "../../../../../../development/AgeOfStrife/AoS/AoS/Content/StarterContent/Particles/P_Explosion.uasset"
[2016.01.04-22.49.17:180][  0]LogPackFactory: Copied "../../../Samples/StarterContent/Content/StarterContent/Particles/P_Fire.uasset" to "../../../../../../development/AgeOfStrife/AoS/AoS/Content/StarterContent/Particles/P_Fire.uasset"
[2016.01.04-22.49.17:410][  0]LogPackFactory: Copied "../../../Samples/StarterContent/Content/StarterContent/Particles/P_Smoke.uasset" to "../../../../../../development/AgeOfStrife/AoS/AoS/Content/StarterContent/Particles/P_Smoke.uasset"
[2016.01.04-22.49.17:539][  0]LogPackFactory: Copied "../../../Samples/StarterContent/Content/StarterContent/Particles/P_Sparks.uasset" to "../../../../../../development/AgeOfStrife/AoS/AoS/Content/StarterContent/Particles/P_Sparks.uasset"
[2016.01.04-22.49.17:669][  0]LogPackFactory: Copied "../../../Samples/StarterContent/Content/StarterContent/Particles/P_Steam_Lit.uasset" to "../../../../../../development/AgeOfStrife/AoS/AoS/Content/StarterContent/Particles/P_Steam_Lit.uasset"
[2016.01.04-22.49.17:960][  0]LogPackFactory: Copied "../../../Samples/StarterContent/Content/StarterContent/Particles/Materials/M_Burst.uasset" to "../../../../../../development/AgeOfStrife/AoS/AoS/Content/StarterContent/Particles/Materials/M_Burst.uasset"
[2016.01.04-22.49.17:990][  0]LogPackFactory: Copied "../../../Samples/StarterContent/Content/StarterContent/Particles/Materials/M_Dust_Particle.uasset" to "../../../../../../development/AgeOfStrife/AoS/AoS/Content/StarterContent/Particles/Materials/M_Dust_Particle.uasset"
[2016.01.04-22.49.18:006][  0]LogPackFactory: Copied "../../../Samples/StarterContent/Content/StarterContent/Particles/Materials/M_explosion_subUV.uasset" to "../../../../../../development/AgeOfStrife/AoS/AoS/Content/StarterContent/Particles/Materials/M_explosion_subUV.uasset"
[2016.01.04-22.49.18:046][  0]LogPackFactory: Copied "../../../Samples/StarterContent/Content/StarterContent/Particles/Materials/M_Fire_SubUV.uasset" to "../../../../../../development/AgeOfStrife/AoS/AoS/Content/StarterContent/Particles/Materials/M_Fire_SubUV.uasset"
[2016.01.04-22.49.18:059][  0]LogPackFactory: Copied "../../../Samples/StarterContent/Content/StarterContent/Particles/Materials/m_flare_01.uasset" to "../../../../../../development/AgeOfStrife/AoS/AoS/Content/StarterContent/Particles/Materials/m_flare_01.uasset"
[2016.01.04-22.49.18:086][  0]LogPackFactory: Copied "../../../Samples/StarterContent/Content/StarterContent/Particles/Materials/M_Heat_Distortion.uasset" to "../../../../../../development/AgeOfStrife/AoS/AoS/Content/StarterContent/Particles/Materials/M_Heat_Distortion.uasset"
[2016.01.04-22.49.18:117][  0]LogPackFactory: Copied "../../../Samples/StarterContent/Content/StarterContent/Particles/Materials/M_Radial_Gradient.uasset" to "../../../../../../development/AgeOfStrife/AoS/AoS/Content/StarterContent/Particles/Materials/M_Radial_Gradient.uasset"
[2016.01.04-22.49.18:151][  0]LogPackFactory: Copied "../../../Samples/StarterContent/Content/StarterContent/Particles/Materials/M_radial_ramp.uasset" to "../../../../../../development/AgeOfStrife/AoS/AoS/Content/StarterContent/Particles/Materials/M_radial_ramp.uasset"
[2016.01.04-22.49.18:194][  0]LogPackFactory: Copied "../../../Samples/StarterContent/Content/StarterContent/Particles/Materials/M_smoke_subUV.uasset" to "../../../../../../development/AgeOfStrife/AoS/AoS/Content/StarterContent/Particles/Materials/M_smoke_subUV.uasset"
[2016.01.04-22.49.18:224][  0]LogPackFactory: Copied "../../../Samples/StarterContent/Content/StarterContent/Particles/Materials/M_Spark.uasset" to "../../../../../../development/AgeOfStrife/AoS/AoS/Content/StarterContent/Particles/Materials/M_Spark.uasset"
[2016.01.04-22.49.18:261][  0]LogPackFactory: Copied "../../../Samples/StarterContent/Content/StarterContent/Props/MaterialSphere.uasset" to "../../../../../../development/AgeOfStrife/AoS/AoS/Content/StarterContent/Props/MaterialSphere.uasset"
[2016.01.04-22.49.18:291][  0]LogPackFactory: Copied "../../../Samples/StarterContent/Content/StarterContent/Props/SM_Bush.uasset" to "../../../../../../development/AgeOfStrife/AoS/AoS/Content/StarterContent/Props/SM_Bush.uasset"
[2016.01.04-22.49.18:335][  0]LogPackFactory: Copied "../../../Samples/StarterContent/Content/StarterContent/Props/SM_Chair.uasset" to "../../../../../../development/AgeOfStrife/AoS/AoS/Content/StarterContent/Props/SM_Chair.uasset"
[2016.01.04-22.49.18:363][  0]LogPackFactory: Copied "../../../Samples/StarterContent/Content/StarterContent/Props/SM_CornerFrame.uasset" to "../../../../../../development/AgeOfStrife/AoS/AoS/Content/StarterContent/Props/SM_CornerFrame.uasset"
[2016.01.04-22.49.18:368][  0]LogPackFactory: Copied "../../../Samples/StarterContent/Content/StarterContent/Props/SM_Couch.uasset" to "../../../../../../development/AgeOfStrife/AoS/AoS/Content/StarterContent/Props/SM_Couch.uasset"
[2016.01.04-22.49.18:372][  0]LogPackFactory: Copied "../../../Samples/StarterContent/Content/StarterContent/Props/SM_Door.uasset" to "../../../../../../development/AgeOfStrife/AoS/AoS/Content/StarterContent/Props/SM_Door.uasset"
[2016.01.04-22.49.18:399][  0]LogPackFactory: Copied "../../../Samples/StarterContent/Content/StarterContent/Props/SM_DoorFrame.uasset" to "../../../../../../development/AgeOfStrife/AoS/AoS/Content/StarterContent/Props/SM_DoorFrame.uasset"
[2016.01.04-22.49.18:424][  0]LogPackFactory: Copied "../../../Samples/StarterContent/Content/StarterContent/Props/SM_GlassWindow.uasset" to "../../../../../../development/AgeOfStrife/AoS/AoS/Content/StarterContent/Props/SM_GlassWindow.uasset"
[2016.01.04-22.49.18:467][  0]LogPackFactory: Copied "../../../Samples/StarterContent/Content/StarterContent/Props/SM_Lamp_Ceiling.uasset" to "../../../../../../development/AgeOfStrife/AoS/AoS/Content/StarterContent/Props/SM_Lamp_Ceiling.uasset"
[2016.01.04-22.49.18:504][  0]LogPackFactory: Copied "../../../Samples/StarterContent/Content/StarterContent/Props/SM_Lamp_Wall.uasset" to "../../../../../../development/AgeOfStrife/AoS/AoS/Content/StarterContent/Props/SM_Lamp_Wall.uasset"
[2016.01.04-22.49.18:570][  0]LogPackFactory: Copied "../../../Samples/StarterContent/Content/StarterContent/Props/SM_MatPreviewMesh_02.uasset" to "../../../../../../development/AgeOfStrife/AoS/AoS/Content/StarterContent/Props/SM_MatPreviewMesh_02.uasset"
[2016.01.04-22.49.18:676][  0]LogPackFactory: Copied "../../../Samples/StarterContent/Content/StarterContent/Props/SM_PillarFrame.uasset" to "../../../../../../development/AgeOfStrife/AoS/AoS/Content/StarterContent/Props/SM_PillarFrame.uasset"
[2016.01.04-22.49.18:828][  0]LogPackFactory: Copied "../../../Samples/StarterContent/Content/StarterContent/Props/SM_PillarFrame300.uasset" to "../../../../../../development/AgeOfStrife/AoS/AoS/Content/StarterContent/Props/SM_PillarFrame300.uasset"
[2016.01.04-22.49.18:978][  0]LogPackFactory: Copied "../../../Samples/StarterContent/Content/StarterContent/Props/SM_Rock.uasset" to "../../../../../../development/AgeOfStrife/AoS/AoS/Content/StarterContent/Props/SM_Rock.uasset"
[2016.01.04-22.49.19:087][  0]LogPackFactory: Copied "../../../Samples/StarterContent/Content/StarterContent/Props/SM_Shelf.uasset" to "../../../../../../development/AgeOfStrife/AoS/AoS/Content/StarterContent/Props/SM_Shelf.uasset"
[2016.01.04-22.49.19:135][  0]LogPackFactory: Copied "../../../Samples/StarterContent/Content/StarterContent/Props/SM_Stairs.uasset" to "../../../../../../development/AgeOfStrife/AoS/AoS/Content/StarterContent/Props/SM_Stairs.uasset"
[2016.01.04-22.49.19:187][  0]LogPackFactory: Copied "../../../Samples/StarterContent/Content/StarterContent/Props/SM_Statue.uasset" to "../../../../../../development/AgeOfStrife/AoS/AoS/Content/StarterContent/Props/SM_Statue.uasset"
[2016.01.04-22.49.19:229][  0]LogPackFactory: Copied "../../../Samples/StarterContent/Content/StarterContent/Props/SM_TableRound.uasset" to "../../../../../../development/AgeOfStrife/AoS/AoS/Content/StarterContent/Props/SM_TableRound.uasset"
[2016.01.04-22.49.19:264][  0]LogPackFactory: Copied "../../../Samples/StarterContent/Content/StarterContent/Props/SM_WindowFrame.uasset" to "../../../../../../development/AgeOfStrife/AoS/AoS/Content/StarterContent/Props/SM_WindowFrame.uasset"
[2016.01.04-22.49.19:306][  0]LogPackFactory: Copied "../../../Samples/StarterContent/Content/StarterContent/Props/Materials/M_Bush.uasset" to "../../../../../../development/AgeOfStrife/AoS/AoS/Content/StarterContent/Props/Materials/M_Bush.uasset"
[2016.01.04-22.49.19:347][  0]LogPackFactory: Copied "../../../Samples/StarterContent/Content/StarterContent/Props/Materials/M_Chair.uasset" to "../../../../../../development/AgeOfStrife/AoS/AoS/Content/StarterContent/Props/Materials/M_Chair.uasset"
[2016.01.04-22.49.19:378][  0]LogPackFactory: Copied "../../../Samples/StarterContent/Content/StarterContent/Props/Materials/M_Door.uasset" to "../../../../../../development/AgeOfStrife/AoS/AoS/Content/StarterContent/Props/Materials/M_Door.uasset"
[2016.01.04-22.49.19:427][  0]LogPackFactory: Copied "../../../Samples/StarterContent/Content/StarterContent/Props/Materials/M_Frame.uasset" to "../../../../../../development/AgeOfStrife/AoS/AoS/Content/StarterContent/Props/Materials/M_Frame.uasset"
[2016.01.04-22.49.19:474][  0]LogPackFactory: Copied "../../../Samples/StarterContent/Content/StarterContent/Props/Materials/M_Lamp.uasset" to "../../../../../../development/AgeOfStrife/AoS/AoS/Content/StarterContent/Props/Materials/M_Lamp.uasset"
[2016.01.04-22.49.19:521][  0]LogPackFactory: Copied "../../../Samples/StarterContent/Content/StarterContent/Props/Materials/M_MaterialSphere.uasset" to "../../../../../../development/AgeOfStrife/AoS/AoS/Content/StarterContent/Props/Materials/M_MaterialSphere.uasset"
[2016.01.04-22.49.19:573][  0]LogPackFactory: Copied "../../../Samples/StarterContent/Content/StarterContent/Props/Materials/M_MaterialSphere_Plain.uasset" to "../../../../../../development/AgeOfStrife/AoS/AoS/Content/StarterContent/Props/Materials/M_MaterialSphere_Plain.uasset"
[2016.01.04-22.49.19:617][  0]LogPackFactory: Copied "../../../Samples/StarterContent/Content/StarterContent/Props/Materials/M_Rock.uasset" to "../../../../../../development/AgeOfStrife/AoS/AoS/Content/StarterContent/Props/Materials/M_Rock.uasset"
[2016.01.04-22.49.19:650][  0]LogPackFactory: Copied "../../../Samples/StarterContent/Content/StarterContent/Props/Materials/M_Shelf.uasset" to "../../../../../../development/AgeOfStrife/AoS/AoS/Content/StarterContent/Props/Materials/M_Shelf.uasset"
[2016.01.04-22.49.19:684][  0]LogPackFactory: Copied "../../../Samples/StarterContent/Content/StarterContent/Props/Materials/M_Statue.uasset" to "../../../../../../development/AgeOfStrife/AoS/AoS/Content/StarterContent/Props/Materials/M_Statue.uasset"
[2016.01.04-22.49.19:734][  0]LogPackFactory: Copied "../../../Samples/StarterContent/Content/StarterContent/Props/Materials/M_StatueGlass.uasset" to "../../../../../../development/AgeOfStrife/AoS/AoS/Content/StarterContent/Props/Materials/M_StatueGlass.uasset"
[2016.01.04-22.49.19:768][  0]LogPackFactory: Copied "../../../Samples/StarterContent/Content/StarterContent/Props/Materials/M_TableRound.uasset" to "../../../../../../development/AgeOfStrife/AoS/AoS/Content/StarterContent/Props/Materials/M_TableRound.uasset"
[2016.01.04-22.49.19:803][  0]LogPackFactory: Copied "../../../Samples/StarterContent/Content/StarterContent/Shapes/Shape_Cone.uasset" to "../../../../../../development/AgeOfStrife/AoS/AoS/Content/StarterContent/Shapes/Shape_Cone.uasset"
[2016.01.04-22.49.19:838][  0]LogPackFactory: Copied "../../../Samples/StarterContent/Content/StarterContent/Shapes/Shape_Cube.uasset" to "../../../../../../development/AgeOfStrife/AoS/AoS/Content/StarterContent/Shapes/Shape_Cube.uasset"
[2016.01.04-22.49.19:884][  0]LogPackFactory: Copied "../../../Samples/StarterContent/Content/StarterContent/Shapes/Shape_Cylinder.uasset" to "../../../../../../development/AgeOfStrife/AoS/AoS/Content/StarterContent/Shapes/Shape_Cylinder.uasset"
[2016.01.04-22.49.19:923][  0]LogPackFactory: Copied "../../../Samples/StarterContent/Content/StarterContent/Shapes/Shape_NarrowCapsule.uasset" to "../../../../../../development/AgeOfStrife/AoS/AoS/Content/StarterContent/Shapes/Shape_NarrowCapsule.uasset"
[2016.01.04-22.49.20:069][  0]LogPackFactory: Copied "../../../Samples/StarterContent/Content/StarterContent/Shapes/Shape_Pipe.uasset" to "../../../../../../development/AgeOfStrife/AoS/AoS/Content/StarterContent/Shapes/Shape_Pipe.uasset"
[2016.01.04-22.49.20:227][  0]LogPackFactory: Copied "../../../Samples/StarterContent/Content/StarterContent/Shapes/Shape_Pipe_180.uasset" to "../../../../../../development/AgeOfStrife/AoS/AoS/Content/StarterContent/Shapes/Shape_Pipe_180.uasset"
[2016.01.04-22.49.20:374][  0]LogPackFactory: Copied "../../../Samples/StarterContent/Content/StarterContent/Shapes/Shape_Pipe_90.uasset" to "../../../../../../development/AgeOfStrife/AoS/AoS/Content/StarterContent/Shapes/Shape_Pipe_90.uasset"
[2016.01.04-22.49.20:406][  0]LogPackFactory: Copied "../../../Samples/StarterContent/Content/StarterContent/Shapes/Shape_Plane.uasset" to "../../../../../../development/AgeOfStrife/AoS/AoS/Content/StarterContent/Shapes/Shape_Plane.uasset"
[2016.01.04-22.49.20:449][  0]LogPackFactory: Copied "../../../Samples/StarterContent/Content/StarterContent/Shapes/Shape_QuadPyramid.uasset" to "../../../../../../development/AgeOfStrife/AoS/AoS/Content/StarterContent/Shapes/Shape_QuadPyramid.uasset"
[2016.01.04-22.49.20:490][  0]LogPackFactory: Copied "../../../Samples/StarterContent/Content/StarterContent/Shapes/Shape_Sphere.uasset" to "../../../../../../development/AgeOfStrife/AoS/AoS/Content/StarterContent/Shapes/Shape_Sphere.uasset"
[2016.01.04-22.49.20:536][  0]LogPackFactory: Copied "../../../Samples/StarterContent/Content/StarterContent/Shapes/Shape_Torus.uasset" to "../../../../../../development/AgeOfStrife/AoS/AoS/Content/StarterContent/Shapes/Shape_Torus.uasset"
[2016.01.04-22.49.20:575][  0]LogPackFactory: Copied "../../../Samples/StarterContent/Content/StarterContent/Shapes/Shape_Trim.uasset" to "../../../../../../development/AgeOfStrife/AoS/AoS/Content/StarterContent/Shapes/Shape_Trim.uasset"
[2016.01.04-22.49.20:611][  0]LogPackFactory: Copied "../../../Samples/StarterContent/Content/StarterContent/Shapes/Shape_Trim_90_In.uasset" to "../../../../../../development/AgeOfStrife/AoS/AoS/Content/StarterContent/Shapes/Shape_Trim_90_In.uasset"
[2016.01.04-22.49.20:664][  0]LogPackFactory: Copied "../../../Samples/StarterContent/Content/StarterContent/Shapes/Shape_Trim_90_Out.uasset" to "../../../../../../development/AgeOfStrife/AoS/AoS/Content/StarterContent/Shapes/Shape_Trim_90_Out.uasset"
[2016.01.04-22.49.20:692][  0]LogPackFactory: Copied "../../../Samples/StarterContent/Content/StarterContent/Shapes/Shape_TriPyramid.uasset" to "../../../../../../development/AgeOfStrife/AoS/AoS/Content/StarterContent/Shapes/Shape_TriPyramid.uasset"
[2016.01.04-22.49.20:727][  0]LogPackFactory: Copied "../../../Samples/StarterContent/Content/StarterContent/Shapes/Shape_Tube.uasset" to "../../../../../../development/AgeOfStrife/AoS/AoS/Content/StarterContent/Shapes/Shape_Tube.uasset"
[2016.01.04-22.49.20:760][  0]LogPackFactory: Copied "../../../Samples/StarterContent/Content/StarterContent/Shapes/Shape_Wedge_A.uasset" to "../../../../../../development/AgeOfStrife/AoS/AoS/Content/StarterContent/Shapes/Shape_Wedge_A.uasset"
[2016.01.04-22.49.20:785][  0]LogPackFactory: Copied "../../../Samples/StarterContent/Content/StarterContent/Shapes/Shape_Wedge_B.uasset" to "../../../../../../development/AgeOfStrife/AoS/AoS/Content/StarterContent/Shapes/Shape_Wedge_B.uasset"
[2016.01.04-22.49.20:825][  0]LogPackFactory: Copied "../../../Samples/StarterContent/Content/StarterContent/Shapes/Shape_WideCapsule.uasset" to "../../../../../../development/AgeOfStrife/AoS/AoS/Content/StarterContent/Shapes/Shape_WideCapsule.uasset"
[2016.01.04-22.49.20:998][  0]LogPackFactory: Copied "../../../Samples/StarterContent/Content/StarterContent/Textures/T_Brick_Clay_Beveled_D.uasset" to "../../../../../../development/AgeOfStrife/AoS/AoS/Content/StarterContent/Textures/T_Brick_Clay_Beveled_D.uasset"
[2016.01.04-22.49.21:250][  0]LogPackFactory: Copied "../../../Samples/StarterContent/Content/StarterContent/Textures/T_Brick_Clay_Beveled_M.uasset" to "../../../../../../development/AgeOfStrife/AoS/AoS/Content/StarterContent/Textures/T_Brick_Clay_Beveled_M.uasset"
[2016.01.04-22.49.21:415][  0]LogPackFactory: Copied "../../../Samples/StarterContent/Content/StarterContent/Textures/T_Brick_Clay_Beveled_N.uasset" to "../../../../../../development/AgeOfStrife/AoS/AoS/Content/StarterContent/Textures/T_Brick_Clay_Beveled_N.uasset"
[2016.01.04-22.49.21:644][  0]LogPackFactory: Copied "../../../Samples/StarterContent/Content/StarterContent/Textures/T_Brick_Clay_New_D.uasset" to "../../../../../../development/AgeOfStrife/AoS/AoS/Content/StarterContent/Textures/T_Brick_Clay_New_D.uasset"
[2016.01.04-22.49.21:906][  0]LogPackFactory: Copied "../../../Samples/StarterContent/Content/StarterContent/Textures/T_Brick_Clay_New_M.uasset" to "../../../../../../development/AgeOfStrife/AoS/AoS/Content/StarterContent/Textures/T_Brick_Clay_New_M.uasset"
[2016.01.04-22.49.22:328][  0]LogPackFactory: Copied "../../../Samples/StarterContent/Content/StarterContent/Textures/T_Brick_Clay_New_N.uasset" to "../../../../../../development/AgeOfStrife/AoS/AoS/Content/StarterContent/Textures/T_Brick_Clay_New_N.uasset"
[2016.01.04-22.49.22:600][  0]LogPackFactory: Copied "../../../Samples/StarterContent/Content/StarterContent/Textures/T_Brick_Clay_Old_D.uasset" to "../../../../../../development/AgeOfStrife/AoS/AoS/Content/StarterContent/Textures/T_Brick_Clay_Old_D.uasset"
[2016.01.04-22.49.22:769][  0]LogPackFactory: Copied "../../../Samples/StarterContent/Content/StarterContent/Textures/T_Brick_Clay_Old_N.uasset" to "../../../../../../development/AgeOfStrife/AoS/AoS/Content/StarterContent/Textures/T_Brick_Clay_Old_N.uasset"
[2016.01.04-22.49.23:097][  0]LogPackFactory: Copied "../../../Samples/StarterContent/Content/StarterContent/Textures/T_Brick_Cut_Stone_D.uasset" to "../../../../../../development/AgeOfStrife/AoS/AoS/Content/StarterContent/Textures/T_Brick_Cut_Stone_D.uasset"
[2016.01.04-22.49.23:305][  0]LogPackFactory: Copied "../../../Samples/StarterContent/Content/StarterContent/Textures/T_Brick_Cut_Stone_N.uasset" to "../../../../../../development/AgeOfStrife/AoS/AoS/Content/StarterContent/Textures/T_Brick_Cut_Stone_N.uasset"
[2016.01.04-22.49.23:749][  0]LogPackFactory: Copied "../../../Samples/StarterContent/Content/StarterContent/Textures/T_Brick_Hewn_Stone_D.uasset" to "../../../../../../development/AgeOfStrife/AoS/AoS/Content/StarterContent/Textures/T_Brick_Hewn_Stone_D.uasset"
[2016.01.04-22.49.23:975][  0]LogPackFactory: Copied "../../../Samples/StarterContent/Content/StarterContent/Textures/T_Brick_Hewn_Stone_M.uasset" to "../../../../../../development/AgeOfStrife/AoS/AoS/Content/StarterContent/Textures/T_Brick_Hewn_Stone_M.uasset"
[2016.01.04-22.49.24:230][  0]LogPackFactory: Copied "../../../Samples/StarterContent/Content/StarterContent/Textures/T_Brick_Hewn_Stone_N.uasset" to "../../../../../../development/AgeOfStrife/AoS/AoS/Content/StarterContent/Textures/T_Brick_Hewn_Stone_N.uasset"
[2016.01.04-22.49.24:503][  0]LogPackFactory: Copied "../../../Samples/StarterContent/Content/StarterContent/Textures/T_Burst_M.uasset" to "../../../../../../development/AgeOfStrife/AoS/AoS/Content/StarterContent/Textures/T_Burst_M.uasset"
[2016.01.04-22.49.24:682][  0]LogPackFactory: Copied "../../../Samples/StarterContent/Content/StarterContent/Textures/T_Bush_D.uasset" to "../../../../../../development/AgeOfStrife/AoS/AoS/Content/StarterContent/Textures/T_Bush_D.uasset"
[2016.01.04-22.49.24:818][  0]LogPackFactory: Copied "../../../Samples/StarterContent/Content/StarterContent/Textures/T_Bush_N.uasset" to "../../../../../../development/AgeOfStrife/AoS/AoS/Content/StarterContent/Textures/T_Bush_N.uasset"
[2016.01.04-22.49.24:912][  0]LogPackFactory: Copied "../../../Samples/StarterContent/Content/StarterContent/Textures/T_Ceramic_Tile_M.uasset" to "../../../../../../development/AgeOfStrife/AoS/AoS/Content/StarterContent/Textures/T_Ceramic_Tile_M.uasset"
[2016.01.04-22.49.25:437][  0]LogPackFactory: Copied "../../../Samples/StarterContent/Content/StarterContent/Textures/T_Ceramic_Tile_N.uasset" to "../../../../../../development/AgeOfStrife/AoS/AoS/Content/StarterContent/Textures/T_Ceramic_Tile_N.uasset"
[2016.01.04-22.49.25:648][  0]LogPackFactory: Copied "../../../Samples/StarterContent/Content/StarterContent/Textures/T_Chair_M.uasset" to "../../../../../../development/AgeOfStrife/AoS/AoS/Content/StarterContent/Textures/T_Chair_M.uasset"
[2016.01.04-22.49.25:725][  0]LogPackFactory: Copied "../../../Samples/StarterContent/Content/StarterContent/Textures/T_Chair_N.uasset" to "../../../../../../development/AgeOfStrife/AoS/AoS/Content/StarterContent/Textures/T_Chair_N.uasset"
[2016.01.04-22.49.25:730][  0]LogPackFactory: Copied "../../../Samples/StarterContent/Content/StarterContent/Textures/T_Checker_Noise_M.uasset" to "../../../../../../development/AgeOfStrife/AoS/AoS/Content/StarterContent/Textures/T_Checker_Noise_M.uasset"
[2016.01.04-22.49.25:744][  0]LogPackFactory: Copied "../../../Samples/StarterContent/Content/StarterContent/Textures/T_CobbleStone_Pebble_D.uasset" to "../../../../../../development/AgeOfStrife/AoS/AoS/Content/StarterContent/Textures/T_CobbleStone_Pebble_D.uasset"
[2016.01.04-22.49.25:749][  0]LogPackFactory: Copied "../../../Samples/StarterContent/Content/StarterContent/Textures/T_CobbleStone_Pebble_M.uasset" to "../../../../../../development/AgeOfStrife/AoS/AoS/Content/StarterContent/Textures/T_CobbleStone_Pebble_M.uasset"
[2016.01.04-22.49.26:486][  0]LogPackFactory: Copied "../../../Samples/StarterContent/Content/StarterContent/Textures/T_CobbleStone_Pebble_N.uasset" to "../../../../../../development/AgeOfStrife/AoS/AoS/Content/StarterContent/Textures/T_CobbleStone_Pebble_N.uasset"
[2016.01.04-22.49.26:885][  0]LogPackFactory: Copied "../../../Samples/StarterContent/Content/StarterContent/Textures/T_CobbleStone_Rough_D.uasset" to "../../../../../../development/AgeOfStrife/AoS/AoS/Content/StarterContent/Textures/T_CobbleStone_Rough_D.uasset"
[2016.01.04-22.49.26:984][  0]LogPackFactory: Copied "../../../Samples/StarterContent/Content/StarterContent/Textures/T_CobbleStone_Rough_N.uasset" to "../../../../../../development/AgeOfStrife/AoS/AoS/Content/StarterContent/Textures/T_CobbleStone_Rough_N.uasset"
[2016.01.04-22.49.27:152][  0]LogPackFactory: Copied "../../../Samples/StarterContent/Content/StarterContent/Textures/T_CobbleStone_Smooth_D.uasset" to "../../../../../../development/AgeOfStrife/AoS/AoS/Content/StarterContent/Textures/T_CobbleStone_Smooth_D.uasset"
[2016.01.04-22.49.27:281][  0]LogPackFactory: Copied "../../../Samples/StarterContent/Content/StarterContent/Textures/T_CobbleStone_Smooth_M.uasset" to "../../../../../../development/AgeOfStrife/AoS/AoS/Content/StarterContent/Textures/T_CobbleStone_Smooth_M.uasset"
[2016.01.04-22.49.27:657][  0]LogPackFactory: Copied "../../../Samples/StarterContent/Content/StarterContent/Textures/T_CobbleStone_Smooth_N.uasset" to "../../../../../../development/AgeOfStrife/AoS/AoS/Content/StarterContent/Textures/T_CobbleStone_Smooth_N.uasset"
[2016.01.04-22.49.27:990][  0]LogPackFactory: Copied "../../../Samples/StarterContent/Content/StarterContent/Textures/T_Concrete_Grime_D.uasset" to "../../../../../../development/AgeOfStrife/AoS/AoS/Content/StarterContent/Textures/T_Concrete_Grime_D.uasset"
[2016.01.04-22.49.28:184][  0]LogPackFactory: Copied "../../../Samples/StarterContent/Content/StarterContent/Textures/T_Concrete_Panels_D.uasset" to "../../../../../../development/AgeOfStrife/AoS/AoS/Content/StarterContent/Textures/T_Concrete_Panels_D.uasset"
[2016.01.04-22.49.28:589][  0]LogPackFactory: Copied "../../../Samples/StarterContent/Content/StarterContent/Textures/T_Concrete_Panels_N.uasset" to "../../../../../../development/AgeOfStrife/AoS/AoS/Content/StarterContent/Textures/T_Concrete_Panels_N.uasset"
[2016.01.04-22.49.29:495][  0]LogPackFactory: Copied "../../../Samples/StarterContent/Content/StarterContent/Textures/T_Concrete_Poured_D.uasset" to "../../../../../../development/AgeOfStrife/AoS/AoS/Content/StarterContent/Textures/T_Concrete_Poured_D.uasset"
[2016.01.04-22.49.29:832][  0]LogPackFactory: Copied "../../../Samples/StarterContent/Content/StarterContent/Textures/T_Concrete_Poured_N.uasset" to "../../../../../../development/AgeOfStrife/AoS/AoS/Content/StarterContent/Textures/T_Concrete_Poured_N.uasset"
[2016.01.04-22.49.30:290][  0]LogPackFactory: Copied "../../../Samples/StarterContent/Content/StarterContent/Textures/T_Concrete_Tiles_D.uasset" to "../../../../../../development/AgeOfStrife/AoS/AoS/Content/StarterContent/Textures/T_Concrete_Tiles_D.uasset"
[2016.01.04-22.49.30:593][  0]LogPackFactory: Copied "../../../Samples/StarterContent/Content/StarterContent/Textures/T_Concrete_Tiles_M.uasset" to "../../../../../../development/AgeOfStrife/AoS/AoS/Content/StarterContent/Textures/T_Concrete_Tiles_M.uasset"
[2016.01.04-22.49.31:041][  0]LogPackFactory: Copied "../../../Samples/StarterContent/Content/StarterContent/Textures/T_Concrete_Tiles_N.uasset" to "../../../../../../development/AgeOfStrife/AoS/AoS/Content/StarterContent/Textures/T_Concrete_Tiles_N.uasset"
[2016.01.04-22.49.31:183][  0]LogPackFactory: Copied "../../../Samples/StarterContent/Content/StarterContent/Textures/T_Concrete_Tiles_Variation_M.uasset" to "../../../../../../development/AgeOfStrife/AoS/AoS/Content/StarterContent/Textures/T_Concrete_Tiles_Variation_M.uasset"
[2016.01.04-22.49.31:423][  0]LogPackFactory: Copied "../../../Samples/StarterContent/Content/StarterContent/Textures/T_Detail_Rocky_N.uasset" to "../../../../../../development/AgeOfStrife/AoS/AoS/Content/StarterContent/Textures/T_Detail_Rocky_N.uasset"
[2016.01.04-22.49.31:738][  0]LogPackFactory: Copied "../../../Samples/StarterContent/Content/StarterContent/Textures/T_Door_M.uasset" to "../../../../../../development/AgeOfStrife/AoS/AoS/Content/StarterContent/Textures/T_Door_M.uasset"
[2016.01.04-22.49.31:978][  0]LogPackFactory: Copied "../../../Samples/StarterContent/Content/StarterContent/Textures/T_Door_N.uasset" to "../../../../../../development/AgeOfStrife/AoS/AoS/Content/StarterContent/Textures/T_Door_N.uasset"
[2016.01.04-22.49.32:318][  0]LogPackFactory: Copied "../../../Samples/StarterContent/Content/StarterContent/Textures/T_Dust_Particle_D.uasset" to "../../../../../../development/AgeOfStrife/AoS/AoS/Content/StarterContent/Textures/T_Dust_Particle_D.uasset"
[2016.01.04-22.49.32:543][  0]LogPackFactory: Copied "../../../Samples/StarterContent/Content/StarterContent/Textures/T_Explosion_SubUV.uasset" to "../../../../../../development/AgeOfStrife/AoS/AoS/Content/StarterContent/Textures/T_Explosion_SubUV.uasset"
[2016.01.04-22.49.32:846][  0]LogPackFactory: Copied "../../../Samples/StarterContent/Content/StarterContent/Textures/T_Fire_SubUV.uasset" to "../../../../../../development/AgeOfStrife/AoS/AoS/Content/StarterContent/Textures/T_Fire_SubUV.uasset"
[2016.01.04-22.49.33:122][  0]LogPackFactory: Copied "../../../Samples/StarterContent/Content/StarterContent/Textures/T_Fire_Tiled_D.uasset" to "../../../../../../development/AgeOfStrife/AoS/AoS/Content/StarterContent/Textures/T_Fire_Tiled_D.uasset"
[2016.01.04-22.49.33:474][  0]LogPackFactory: Copied "../../../Samples/StarterContent/Content/StarterContent/Textures/T_Frame_M.uasset" to "../../../../../../development/AgeOfStrife/AoS/AoS/Content/StarterContent/Textures/T_Frame_M.uasset"
[2016.01.04-22.49.33:777][  0]LogPackFactory: Copied "../../../Samples/StarterContent/Content/StarterContent/Textures/T_Frame_N.uasset" to "../../../../../../development/AgeOfStrife/AoS/AoS/Content/StarterContent/Textures/T_Frame_N.uasset"
[2016.01.04-22.49.33:898][  0]LogPackFactory: Copied "../../../Samples/StarterContent/Content/StarterContent/Textures/T_Gradinet_01.uasset" to "../../../../../../development/AgeOfStrife/AoS/AoS/Content/StarterContent/Textures/T_Gradinet_01.uasset"
[2016.01.04-22.49.34:287][  0]LogPackFactory: Copied "../../../Samples/StarterContent/Content/StarterContent/Textures/T_Ground_Grass_D.uasset" to "../../../../../../development/AgeOfStrife/AoS/AoS/Content/StarterContent/Textures/T_Ground_Grass_D.uasset"
[2016.01.04-22.49.34:780][  0]LogPackFactory: Copied "../../../Samples/StarterContent/Content/StarterContent/Textures/T_Ground_Grass_N.uasset" to "../../../../../../development/AgeOfStrife/AoS/AoS/Content/StarterContent/Textures/T_Ground_Grass_N.uasset"
[2016.01.04-22.49.35:235][  0]LogPackFactory: Copied "../../../Samples/StarterContent/Content/StarterContent/Textures/T_Ground_Gravel_D.uasset" to "../../../../../../development/AgeOfStrife/AoS/AoS/Content/StarterContent/Textures/T_Ground_Gravel_D.uasset"
[2016.01.04-22.49.35:573][  0]LogPackFactory: Copied "../../../Samples/StarterContent/Content/StarterContent/Textures/T_Ground_Gravel_N.uasset" to "../../../../../../development/AgeOfStrife/AoS/AoS/Content/StarterContent/Textures/T_Ground_Gravel_N.uasset"
[2016.01.04-22.49.36:152][  0]LogPackFactory: Copied "../../../Samples/StarterContent/Content/StarterContent/Textures/T_ground_Moss_D.uasset" to "../../../../../../development/AgeOfStrife/AoS/AoS/Content/StarterContent/Textures/T_ground_Moss_D.uasset"
[2016.01.04-22.49.36:638][  0]LogPackFactory: Copied "../../../Samples/StarterContent/Content/StarterContent/Textures/T_Ground_Moss_N.uasset" to "../../../../../../development/AgeOfStrife/AoS/AoS/Content/StarterContent/Textures/T_Ground_Moss_N.uasset"
[2016.01.04-22.49.36:790][  0]LogPackFactory: Copied "../../../Samples/StarterContent/Content/StarterContent/Textures/T_Lamp_M.uasset" to "../../../../../../development/AgeOfStrife/AoS/AoS/Content/StarterContent/Textures/T_Lamp_M.uasset"
[2016.01.04-22.49.36:907][  0]LogPackFactory: Copied "../../../Samples/StarterContent/Content/StarterContent/Textures/T_Lamp_N.uasset" to "../../../../../../development/AgeOfStrife/AoS/AoS/Content/StarterContent/Textures/T_Lamp_N.uasset"
[2016.01.04-22.49.37:214][  0]LogPackFactory: Copied "../../../Samples/StarterContent/Content/StarterContent/Textures/T_MacroVariation.uasset" to "../../../../../../development/AgeOfStrife/AoS/AoS/Content/StarterContent/Textures/T_MacroVariation.uasset"
[2016.01.04-22.49.37:487][  0]LogPackFactory: Copied "../../../Samples/StarterContent/Content/StarterContent/Textures/T_Metal_Aluminum_D.uasset" to "../../../../../../development/AgeOfStrife/AoS/AoS/Content/StarterContent/Textures/T_Metal_Aluminum_D.uasset"
[2016.01.04-22.49.37:693][  0]LogPackFactory: Copied "../../../Samples/StarterContent/Content/StarterContent/Textures/T_Metal_Copper_D.uasset" to "../../../../../../development/AgeOfStrife/AoS/AoS/Content/StarterContent/Textures/T_Metal_Copper_D.uasset"
[2016.01.04-22.49.38:408][  0]LogPackFactory: Copied "../../../Samples/StarterContent/Content/StarterContent/Textures/T_Metal_Gold_D.uasset" to "../../../../../../development/AgeOfStrife/AoS/AoS/Content/StarterContent/Textures/T_Metal_Gold_D.uasset"
[2016.01.04-22.49.38:961][  0]LogPackFactory: Copied "../../../Samples/StarterContent/Content/StarterContent/Textures/T_Metal_Gold_N.uasset" to "../../../../../../development/AgeOfStrife/AoS/AoS/Content/StarterContent/Textures/T_Metal_Gold_N.uasset"
[2016.01.04-22.49.38:972][  0]LogPackFactory: Copied "../../../Samples/StarterContent/Content/StarterContent/Textures/T_Metal_Rust_D.uasset" to "../../../../../../development/AgeOfStrife/AoS/AoS/Content/StarterContent/Textures/T_Metal_Rust_D.uasset"
[2016.01.04-22.49.38:985][  0]LogPackFactory: Copied "../../../Samples/StarterContent/Content/StarterContent/Textures/T_Metal_Rust_N.uasset" to "../../../../../../development/AgeOfStrife/AoS/AoS/Content/StarterContent/Textures/T_Metal_Rust_N.uasset"
[2016.01.04-22.49.38:995][  0]LogPackFactory: Copied "../../../Samples/StarterContent/Content/StarterContent/Textures/T_Metal_Steel_D.uasset" to "../../../../../../development/AgeOfStrife/AoS/AoS/Content/StarterContent/Textures/T_Metal_Steel_D.uasset"
[2016.01.04-22.49.39:467][  0]LogPackFactory: Copied "../../../Samples/StarterContent/Content/StarterContent/Textures/T_Metal_Steel_N.uasset" to "../../../../../../development/AgeOfStrife/AoS/AoS/Content/StarterContent/Textures/T_Metal_Steel_N.uasset"
[2016.01.04-22.49.39:758][  0]LogPackFactory: Copied "../../../Samples/StarterContent/Content/StarterContent/Textures/T_Perlin_Noise_M.uasset" to "../../../../../../development/AgeOfStrife/AoS/AoS/Content/StarterContent/Textures/T_Perlin_Noise_M.uasset"
[2016.01.04-22.49.40:047][  0]LogPackFactory: Copied "../../../Samples/StarterContent/Content/StarterContent/Textures/T_RockMesh_M.uasset" to "../../../../../../development/AgeOfStrife/AoS/AoS/Content/StarterContent/Textures/T_RockMesh_M.uasset"
[2016.01.04-22.49.40:374][  0]LogPackFactory: Copied "../../../Samples/StarterContent/Content/StarterContent/Textures/T_RockMesh_N.uasset" to "../../../../../../development/AgeOfStrife/AoS/AoS/Content/StarterContent/Textures/T_RockMesh_N.uasset"
[2016.01.04-22.49.40:753][  0]LogPackFactory: Copied "../../../Samples/StarterContent/Content/StarterContent/Textures/T_Rock_Basalt_D.uasset" to "../../../../../../development/AgeOfStrife/AoS/AoS/Content/StarterContent/Textures/T_Rock_Basalt_D.uasset"
[2016.01.04-22.49.41:157][  0]LogPackFactory: Copied "../../../Samples/StarterContent/Content/StarterContent/Textures/T_Rock_Basalt_N.uasset" to "../../../../../../development/AgeOfStrife/AoS/AoS/Content/StarterContent/Textures/T_Rock_Basalt_N.uasset"
[2016.01.04-22.49.41:498][  0]LogPackFactory: Copied "../../../Samples/StarterContent/Content/StarterContent/Textures/T_Rock_Marble_Polished_D.uasset" to "../../../../../../development/AgeOfStrife/AoS/AoS/Content/StarterContent/Textures/T_Rock_Marble_Polished_D.uasset"
[2016.01.04-22.49.41:830][  0]LogPackFactory: Copied "../../../Samples/StarterContent/Content/StarterContent/Textures/T_Rock_Sandstone_D.uasset" to "../../../../../../development/AgeOfStrife/AoS/AoS/Content/StarterContent/Textures/T_Rock_Sandstone_D.uasset"
[2016.01.04-22.49.42:103][  0]LogPackFactory: Copied "../../../Samples/StarterContent/Content/StarterContent/Textures/T_Rock_Sandstone_N.uasset" to "../../../../../../development/AgeOfStrife/AoS/AoS/Content/StarterContent/Textures/T_Rock_Sandstone_N.uasset"
[2016.01.04-22.49.42:588][  0]LogPackFactory: Copied "../../../Samples/StarterContent/Content/StarterContent/Textures/T_Rock_Slate_D.uasset" to "../../../../../../development/AgeOfStrife/AoS/AoS/Content/StarterContent/Textures/T_Rock_Slate_D.uasset"
[2016.01.04-22.49.43:021][  0]LogPackFactory: Copied "../../../Samples/StarterContent/Content/StarterContent/Textures/T_Rock_Slate_N.uasset" to "../../../../../../development/AgeOfStrife/AoS/AoS/Content/StarterContent/Textures/T_Rock_Slate_N.uasset"
[2016.01.04-22.49.43:352][  0]LogPackFactory: Copied "../../../Samples/StarterContent/Content/StarterContent/Textures/T_Rock_Smooth_Granite_D.uasset" to "../../../../../../development/AgeOfStrife/AoS/AoS/Content/StarterContent/Textures/T_Rock_Smooth_Granite_D.uasset"
[2016.01.04-22.49.43:736][  0]LogPackFactory: Copied "../../../Samples/StarterContent/Content/StarterContent/Textures/T_Shelf_M.uasset" to "../../../../../../development/AgeOfStrife/AoS/AoS/Content/StarterContent/Textures/T_Shelf_M.uasset"
[2016.01.04-22.49.44:003][  0]LogPackFactory: Copied "../../../Samples/StarterContent/Content/StarterContent/Textures/T_Shelf_N.uasset" to "../../../../../../development/AgeOfStrife/AoS/AoS/Content/StarterContent/Textures/T_Shelf_N.uasset"
[2016.01.04-22.49.44:428][  0]LogPackFactory: Copied "../../../Samples/StarterContent/Content/StarterContent/Textures/T_Single_Tile_N.uasset" to "../../../../../../development/AgeOfStrife/AoS/AoS/Content/StarterContent/Textures/T_Single_Tile_N.uasset"
[2016.01.04-22.49.44:905][  0]LogPackFactory: Copied "../../../Samples/StarterContent/Content/StarterContent/Textures/T_Smoke_SubUV.uasset" to "../../../../../../development/AgeOfStrife/AoS/AoS/Content/StarterContent/Textures/T_Smoke_SubUV.uasset"
[2016.01.04-22.49.45:107][  0]LogPackFactory: Copied "../../../Samples/StarterContent/Content/StarterContent/Textures/T_Smoke_Tiled_D.uasset" to "../../../../../../development/AgeOfStrife/AoS/AoS/Content/StarterContent/Textures/T_Smoke_Tiled_D.uasset"
[2016.01.04-22.49.45:440][  0]LogPackFactory: Copied "../../../Samples/StarterContent/Content/StarterContent/Textures/T_Spark_Core.uasset" to "../../../../../../development/AgeOfStrife/AoS/AoS/Content/StarterContent/Textures/T_Spark_Core.uasset"
[2016.01.04-22.49.45:802][  0]LogPackFactory: Copied "../../../Samples/StarterContent/Content/StarterContent/Textures/T_Statue_M.uasset" to "../../../../../../development/AgeOfStrife/AoS/AoS/Content/StarterContent/Textures/T_Statue_M.uasset"
[2016.01.04-22.49.46:245][  0]LogPackFactory: Copied "../../../Samples/StarterContent/Content/StarterContent/Textures/T_Statue_N.uasset" to "../../../../../../development/AgeOfStrife/AoS/AoS/Content/StarterContent/Textures/T_Statue_N.uasset"
[2016.01.04-22.49.46:380][  0]LogPackFactory: Copied "../../../Samples/StarterContent/Content/StarterContent/Textures/T_TableRound_M.uasset" to "../../../../../../development/AgeOfStrife/AoS/AoS/Content/StarterContent/Textures/T_TableRound_M.uasset"
[2016.01.04-22.49.46:512][  0]LogPackFactory: Copied "../../../Samples/StarterContent/Content/StarterContent/Textures/T_TableRound_N.uasset" to "../../../../../../development/AgeOfStrife/AoS/AoS/Content/StarterContent/Textures/T_TableRound_N.uasset"
[2016.01.04-22.49.46:927][  0]LogPackFactory: Copied "../../../Samples/StarterContent/Content/StarterContent/Textures/T_Tech_Dot_M.uasset" to "../../../../../../development/AgeOfStrife/AoS/AoS/Content/StarterContent/Textures/T_Tech_Dot_M.uasset"
[2016.01.04-22.49.46:931][  0]LogPackFactory: Copied "../../../Samples/StarterContent/Content/StarterContent/Textures/T_Tech_Dot_N.uasset" to "../../../../../../development/AgeOfStrife/AoS/AoS/Content/StarterContent/Textures/T_Tech_Dot_N.uasset"
[2016.01.04-22.49.46:938][  0]LogPackFactory: Copied "../../../Samples/StarterContent/Content/StarterContent/Textures/T_Tech_Hex_Tile_M.uasset" to "../../../../../../development/AgeOfStrife/AoS/AoS/Content/StarterContent/Textures/T_Tech_Hex_Tile_M.uasset"
[2016.01.04-22.49.47:428][  0]LogPackFactory: Copied "../../../Samples/StarterContent/Content/StarterContent/Textures/T_Tech_Hex_Tile_N.uasset" to "../../../../../../development/AgeOfStrife/AoS/AoS/Content/StarterContent/Textures/T_Tech_Hex_Tile_N.uasset"
[2016.01.04-22.49.47:560][  0]LogPackFactory: Copied "../../../Samples/StarterContent/Content/StarterContent/Textures/T_Tech_Panel_M.uasset" to "../../../../../../development/AgeOfStrife/AoS/AoS/Content/StarterContent/Textures/T_Tech_Panel_M.uasset"
[2016.01.04-22.49.47:875][  0]LogPackFactory: Copied "../../../Samples/StarterContent/Content/StarterContent/Textures/T_Tech_Panel_N.uasset" to "../../../../../../development/AgeOfStrife/AoS/AoS/Content/StarterContent/Textures/T_Tech_Panel_N.uasset"
[2016.01.04-22.49.48:114][  0]LogPackFactory: Copied "../../../Samples/StarterContent/Content/StarterContent/Textures/T_Water_M.uasset" to "../../../../../../development/AgeOfStrife/AoS/AoS/Content/StarterContent/Textures/T_Water_M.uasset"
[2016.01.04-22.49.48:533][  0]LogPackFactory: Copied "../../../Samples/StarterContent/Content/StarterContent/Textures/T_Water_N.uasset" to "../../../../../../development/AgeOfStrife/AoS/AoS/Content/StarterContent/Textures/T_Water_N.uasset"
[2016.01.04-22.49.48:979][  0]LogPackFactory: Copied "../../../Samples/StarterContent/Content/StarterContent/Textures/T_Wood_Floor_Walnut_D.uasset" to "../../../../../../development/AgeOfStrife/AoS/AoS/Content/StarterContent/Textures/T_Wood_Floor_Walnut_D.uasset"
[2016.01.04-22.49.49:379][  0]LogPackFactory: Copied "../../../Samples/StarterContent/Content/StarterContent/Textures/T_Wood_Floor_Walnut_M.uasset" to "../../../../../../development/AgeOfStrife/AoS/AoS/Content/StarterContent/Textures/T_Wood_Floor_Walnut_M.uasset"
[2016.01.04-22.49.49:694][  0]LogPackFactory: Copied "../../../Samples/StarterContent/Content/StarterContent/Textures/T_Wood_Floor_Walnut_N.uasset" to "../../../../../../development/AgeOfStrife/AoS/AoS/Content/StarterContent/Textures/T_Wood_Floor_Walnut_N.uasset"
[2016.01.04-22.49.50:068][  0]LogPackFactory: Copied "../../../Samples/StarterContent/Content/StarterContent/Textures/T_Wood_Oak_D.uasset" to "../../../../../../development/AgeOfStrife/AoS/AoS/Content/StarterContent/Textures/T_Wood_Oak_D.uasset"
[2016.01.04-22.49.50:867][  0]LogPackFactory: Copied "../../../Samples/StarterContent/Content/StarterContent/Textures/T_Wood_Oak_N.uasset" to "../../../../../../development/AgeOfStrife/AoS/AoS/Content/StarterContent/Textures/T_Wood_Oak_N.uasset"
[2016.01.04-22.49.51:341][  0]LogPackFactory: Copied "../../../Samples/StarterContent/Content/StarterContent/Textures/T_Wood_Pine_D.uasset" to "../../../../../../development/AgeOfStrife/AoS/AoS/Content/StarterContent/Textures/T_Wood_Pine_D.uasset"
[2016.01.04-22.49.51:592][  0]LogPackFactory: Copied "../../../Samples/StarterContent/Content/StarterContent/Textures/T_Wood_Pine_N.uasset" to "../../../../../../development/AgeOfStrife/AoS/AoS/Content/StarterContent/Textures/T_Wood_Pine_N.uasset"
[2016.01.04-22.49.51:877][  0]LogPackFactory: Copied "../../../Samples/StarterContent/Content/StarterContent/Textures/T_Wood_Walnut_D.uasset" to "../../../../../../development/AgeOfStrife/AoS/AoS/Content/StarterContent/Textures/T_Wood_Walnut_D.uasset"
[2016.01.04-22.49.52:149][  0]LogPackFactory: Copied "../../../Samples/StarterContent/Content/StarterContent/Textures/T_Wood_Walnut_N.uasset" to "../../../../../../development/AgeOfStrife/AoS/AoS/Content/StarterContent/Textures/T_Wood_Walnut_N.uasset"
[2016.01.04-22.49.52:841][  0]LogRenderer: Reallocating scene render targets to support 256x256 (Frame:2).
[2016.01.04-22.49.53:978][  0]Cmd: OBJ SAVEPACKAGE PACKAGE="/Game/StarterContent/Architecture/Floor_400x400" FILE="../../../../../../development/AgeOfStrife/AoS/AoS/Content/StarterContent/Architecture/Floor_400x400.uasset" SILENT=true
[2016.01.04-22.49.54:000][  0]LogSavePackage: Save=13.305197ms
[2016.01.04-22.49.54:000][  0]LogSavePackage: Moving '../../../../../../development/AgeOfStrife/AoS/AoS/Saved/Floor_400x400AE1F31D5419D6A2A647BD3A6E3E88D81.tmp' to '../../../../../../development/AgeOfStrife/AoS/AoS/Content/StarterContent/Architecture/Floor_400x400.uasset'
[2016.01.04-22.49.54:003][  0]LogSavePackage: Total save time: 22.825483ms
[2016.01.04-22.49.54:003][  0]LogSavePackage:Display: Finished SavePackage ../../../../../../development/AgeOfStrife/AoS/AoS/Content/StarterContent/Architecture/Floor_400x400.uasset
[2016.01.04-22.49.54:003][  0]LogFeaturePack:Warning: Inserted 1 feature packs
[2016.01.04-22.49.54:006][  0]Cmd: MAP LOAD FILE="../../../../../../development/AgeOfStrife/AoS/AoS/Content/TopDownBP/Maps/TopDownExampleMap.umap" TEMPLATE=0 SHOWPROGRESS=1 FEATURELEVEL=3
[2016.01.04-22.49.54:007][  0]LightingResults: New page: Lighting Build
[2016.01.04-22.49.54:010][  0]MapCheck: New page: Map Check
[2016.01.04-22.49.54:010][  0]LightingResults: New page: Lighting Build
[2016.01.04-22.49.54:024][  0]LogParticles: Destroying 0 GPU particle simulations for FXSystem 0x000000F3D6246160
[2016.01.04-22.49.58:849][  0]LogAIModule: Creating AISystem for world TopDownExampleMap
[2016.01.04-22.49.58:927][  0]LogEditorServer: Finished looking for orphan Actors (0.000 secs)
[2016.01.04-22.49.58:927][  0]Cmd: MAP CHECKDEP NOCLEARLOG
[2016.01.04-22.49.58:981][  0]MapCheck: Info Map check complete: 0 Error(s), 0 Warning(s), took 52.897ms to complete.
[2016.01.04-22.49.58:981][  0]LogFileHelpers: Loading map 'TopDownExampleMap' took 4.974
[2016.01.04-22.49.59:277][  0]LogCollectionManager: Loaded 0 collections in 0.001927 seconds
[2016.01.04-22.49.59:323][  0]LogFileCache: Scanning file cache for directory 'C:/development/AgeOfStrife/AoS/AoS/Saved/Collections/' took 0.01s
[2016.01.04-22.49.59:323][  0]LogFileCache: Scanning file cache for directory 'C:/development/AgeOfStrife/AoS/AoS/Content/Developers/Josh/Collections/' took 0.01s
[2016.01.04-22.49.59:323][  0]LogFileCache: Scanning file cache for directory 'C:/development/AgeOfStrife/AoS/AoS/Content/Collections/' took 0.01s
[2016.01.04-22.49.59:323][  0]LogCollectionMana